Fitter report for MyClock
Fri Apr 19 08:41:06 2013
Version 5.1 Build 176 10/26/2005 SJ Full Version


---------------------
; Table of Contents ;
---------------------
  1. Legal Notice
  2. Fitter Summary
  3. Fitter Settings
  4. Fitter Device Options
  5. Fitter Equations
  6. Pin-Out File
  7. Fitter Resource Usage Summary
  8. Input Pins
  9. Output Pins
 10. I/O Bank Usage
 11. All Package Pins
 12. Output Pin Default Load For Reported TCO
 13. Fitter Resource Utilization by Entity
 14. Delay Chain Summary
 15. Pad To Core Delay Chain Fanout
 16. Control Signals
 17. Global & Other Fast Signals
 18. Non-Global High Fan-Out Signals
 19. Interconnect Usage Summary
 20. LAB Logic Elements
 21. LAB-wide Signals
 22. LAB Signals Sourced
 23. LAB Signals Sourced Out
 24. LAB Distinct Inputs
 25. Fitter Messages



----------------
; Legal Notice ;
----------------
Copyright (C) 1991-2005 Altera Corporation
Your use of Altera Corporation's design tools, logic functions 
and other software and tools, and its AMPP partner logic 
functions, and any output files any of the foregoing 
(including device programming or simulation files), and any 
associated documentation or information are expressly subject 
to the terms and conditions of the Altera Program License 
Subscription Agreement, Altera MegaCore Function License 
Agreement, or other applicable license agreement, including, 
without limitation, that your use is for the sole purpose of 
programming logic devices manufactured by Altera and sold by 
Altera or its authorized distributors.  Please refer to the 
applicable agreement for further details.



+------------------------------------------------------------------+
; Fitter Summary                                                   ;
+-----------------------+------------------------------------------+
; Fitter Status         ; Successful - Fri Apr 19 08:41:06 2013    ;
; Quartus II Version    ; 5.1 Build 176 10/26/2005 SJ Full Version ;
; Revision Name         ; MyClock                                  ;
; Top-level Entity Name ; MyClock                                  ;
; Family                ; Cyclone                                  ;
; Device                ; EP1C6Q240C8                              ;
; Timing Models         ; Final                                    ;
; Total logic elements  ; 128 / 5,980 ( 2 % )                      ;
; Total pins            ; 19 / 185 ( 10 % )                        ;
; Total virtual pins    ; 0                                        ;
; Total memory bits     ; 0 / 92,160 ( 0 % )                       ;
; Total PLLs            ; 0 / 2 ( 0 % )                            ;
+-----------------------+------------------------------------------+


+------------------------------------------------------------------------------------------------------------------------+
; Fitter Settings                                                                                                        ;
+------------------------------------------------------+--------------------------------+--------------------------------+
; Option                                               ; Setting                        ; Default Value                  ;
+------------------------------------------------------+--------------------------------+--------------------------------+
; Device                                               ; EP1C6Q240C8                    ;                                ;
; SignalProbe signals routed during normal compilation ; Off                            ; Off                            ;
; Use smart compilation                                ; Off                            ; Off                            ;
; Router Timing Optimization Level                     ; Normal                         ; Normal                         ;
; Placement Effort Multiplier                          ; 1.0                            ; 1.0                            ;
; Router Effort Multiplier                             ; 1.0                            ; 1.0                            ;
; Optimize Hold Timing                                 ; IO Paths and Minimum TPD Paths ; IO Paths and Minimum TPD Paths ;
; Optimize Fast-Corner Timing                          ; Off                            ; Off                            ;
; Optimize Timing                                      ; Normal compilation             ; Normal compilation             ;
; Optimize IOC Register Placement for Timing           ; On                             ; On                             ;
; Limit to One Fitting Attempt                         ; Off                            ; Off                            ;
; Final Placement Optimizations                        ; Automatically                  ; Automatically                  ;
; Fitter Aggressive Routability Optimizations          ; Automatically                  ; Automatically                  ;
; Fitter Initial Placement Seed                        ; 1                              ; 1                              ;
; Slow Slew Rate                                       ; Off                            ; Off                            ;
; PCI I/O                                              ; Off                            ; Off                            ;
; Weak Pull-Up Resistor                                ; Off                            ; Off                            ;
; Enable Bus-Hold Circuitry                            ; Off                            ; Off                            ;
; Auto Global Memory Control Signals                   ; Off                            ; Off                            ;
; Auto Packed Registers -- Cyclone                     ; Auto                           ; Auto                           ;
; Auto Delay Chains                                    ; On                             ; On                             ;
; Auto Merge PLLs                                      ; On                             ; On                             ;
; Perform Physical Synthesis for Combinational Logic   ; Off                            ; Off                            ;
; Perform Register Duplication                         ; Off                            ; Off                            ;
; Perform Register Retiming                            ; Off                            ; Off                            ;
; Perform Asynchronous Signal Pipelining               ; Off                            ; Off                            ;
; Fitter Effort                                        ; Auto Fit                       ; Auto Fit                       ;
; Physical Synthesis Effort Level                      ; Normal                         ; Normal                         ;
; Logic Cell Insertion - Logic Duplication             ; Auto                           ; Auto                           ;
; Auto Register Duplication                            ; Off                            ; Off                            ;
; Auto Global Clock                                    ; On                             ; On                             ;
; Auto Global Register Control Signals                 ; On                             ; On                             ;
+------------------------------------------------------+--------------------------------+--------------------------------+


+-------------------------------------------------------------------------+
; Fitter Device Options                                                   ;
+----------------------------------------------+--------------------------+
; Option                                       ; Setting                  ;
+----------------------------------------------+--------------------------+
; Enable user-supplied start-up clock (CLKUSR) ; Off                      ;
; Enable device-wide reset (DEV_CLRn)          ; Off                      ;
; Enable device-wide output enable (DEV_OE)    ; Off                      ;
; Enable INIT_DONE output                      ; Off                      ;
; Configuration scheme                         ; Active Serial            ;
; Error detection CRC                          ; Off                      ;
; Reserve all unused pins                      ; As output driving ground ;
; Base pin-out file on sameframe device        ; Off                      ;
+----------------------------------------------+--------------------------+


+------------------+
; Fitter Equations ;
+------------------+
The equations can be found in C:/Users/Administrator/Desktop/MyClock/MyClock.fit.eqn.


+--------------+
; Pin-Out File ;
+--------------+
The pin-out file can be found in C:/Users/Administrator/Desktop/MyClock/MyClock.pin.


+-------------------------------------------------------------------+
; Fitter Resource Usage Summary                                     ;
+---------------------------------------------+---------------------+
; Resource                                    ; Usage               ;
+---------------------------------------------+---------------------+
; Total logic elements                        ; 128 / 5,980 ( 2 % ) ;
;     -- Combinational with no register       ; 93                  ;
;     -- Register only                        ; 0                   ;
;     -- Combinational with a register        ; 35                  ;
;                                             ;                     ;
; Logic element usage by number of LUT inputs ;                     ;
;     -- 4 input functions                    ; 70                  ;
;     -- 3 input functions                    ; 20                  ;
;     -- 2 input functions                    ; 28                  ;
;     -- 1 input functions                    ; 10                  ;
;     -- 0 input functions                    ; 0                   ;
;                                             ;                     ;
; Logic elements by mode                      ;                     ;
;     -- normal mode                          ; 114                 ;
;     -- arithmetic mode                      ; 14                  ;
;     -- qfbk mode                            ; 0                   ;
;     -- register cascade mode                ; 0                   ;
;     -- synchronous clear/load mode          ; 0                   ;
;     -- asynchronous clear/load mode         ; 0                   ;
;                                             ;                     ;
; Total LABs                                  ; 20 / 598 ( 3 % )    ;
; Logic elements in carry chains              ; 17                  ;
; User inserted logic elements                ; 0                   ;
; Virtual pins                                ; 0                   ;
; I/O pins                                    ; 19 / 185 ( 10 % )   ;
;     -- Clock pins                           ; 1 / 2 ( 50 % )      ;
; Global signals                              ; 4                   ;
; M4Ks                                        ; 0 / 20 ( 0 % )      ;
; Total memory bits                           ; 0 / 92,160 ( 0 % )  ;
; Total RAM block bits                        ; 0 / 92,160 ( 0 % )  ;
; PLLs                                        ; 0 / 2 ( 0 % )       ;
; Global clocks                               ; 4 / 8 ( 50 % )      ;
; Maximum fan-out node                        ; selector:inst4|n[0] ;
; Maximum fan-out                             ; 22                  ;
; Highest non-global fan-out signal           ; selector:inst4|n[0] ;
; Highest non-global fan-out                  ; 22                  ;
; Total fan-out                               ; 460                 ;
; Average fan-out                             ; 3.09                ;
+---------------------------------------------+---------------------+


+----------------------------------------------------------------------------------------------------------------------------------------------------------------------------------------------------------------------------------------------------------------+
; Input Pins                                                                                                                                                                                                                                                     ;
+----------+-------+----------+--------------+--------------+-------------+-----------------------+--------------------+--------+----------------+---------------+-----------------+----------+--------------+--------------+-------------+----------------------+
; Name     ; Pin # ; I/O Bank ; X coordinate ; Y coordinate ; Cell number ; Combinational Fan-Out ; Registered Fan-Out ; Global ; Input Register ; Power Up High ; PCI I/O Enabled ; Bus Hold ; Weak Pull Up ; I/O Standard ; Termination ; Location assigned by ;
+----------+-------+----------+--------------+--------------+-------------+-----------------------+--------------------+--------+----------------+---------------+-----------------+----------+--------------+--------------+-------------+----------------------+
; clk      ; 28    ; 1        ; 0            ; 12           ; 2           ; 7                     ; 0                  ; yes    ; no             ; no            ; no              ; no       ; Off          ; LVTTL        ; Off         ; Fitter               ;
; scan_clk ; 29    ; 1        ; 0            ; 11           ; 0           ; 15                    ; 0                  ; yes    ; no             ; no            ; no              ; no       ; Off          ; LVTTL        ; Off         ; Fitter               ;
+----------+-------+----------+--------------+--------------+-------------+-----------------------+--------------------+--------+----------------+---------------+-----------------+----------+--------------+--------------+-------------+----------------------+


+-------------------------------------------------------------------------------------------------------------------------------------------------------------------------------------------------------------------------------------------------------------------------------------------------------------------+
; Output Pins                                                                                                                                                                                                                                                                                                       ;
+----------+-------+----------+--------------+--------------+-------------+-----------------+------------------------+---------------+----------------+-----------------+------------+---------------+----------+--------------+--------------+------------------+-------------+----------------------+-------------+
; Name     ; Pin # ; I/O Bank ; X coordinate ; Y coordinate ; Cell number ; Output Register ; Output Enable Register ; Power Up High ; Slow Slew Rate ; PCI I/O Enabled ; Open Drain ; TRI Primitive ; Bus Hold ; Weak Pull Up ; I/O Standard ; Current Strength ; Termination ; Location assigned by ; Load        ;
+----------+-------+----------+--------------+--------------+-------------+-----------------+------------------------+---------------+----------------+-----------------+------------+---------------+----------+--------------+--------------+------------------+-------------+----------------------+-------------+
; finalout ; 198   ; 2        ; 26           ; 21           ; 1           ; no              ; no                     ; no            ; no             ; no              ; no         ; no            ; no       ; Off          ; LVTTL        ; 24mA             ; Off         ; Fitter               ; Unspecified ;
; led[0]   ; 80    ; 4        ; 12           ; 0            ; 2           ; no              ; no                     ; no            ; no             ; no              ; no         ; no            ; no       ; Off          ; LVTTL        ; 24mA             ; Off         ; Fitter               ; Unspecified ;
; led[1]   ; 220   ; 2        ; 12           ; 21           ; 1           ; no              ; no                     ; no            ; no             ; no              ; no         ; no            ; no       ; Off          ; LVTTL        ; 24mA             ; Off         ; Fitter               ; Unspecified ;
; led[2]   ; 39    ; 1        ; 0            ; 8            ; 1           ; no              ; no                     ; no            ; no             ; no              ; no         ; no            ; no       ; Off          ; LVTTL        ; 24mA             ; Off         ; Fitter               ; Unspecified ;
; led[3]   ; 43    ; 1        ; 0            ; 7            ; 2           ; no              ; no                     ; no            ; no             ; no              ; no         ; no            ; no       ; Off          ; LVTTL        ; 24mA             ; Off         ; Fitter               ; Unspecified ;
; led[4]   ; 82    ; 4        ; 12           ; 0            ; 0           ; no              ; no                     ; no            ; no             ; no              ; no         ; no            ; no       ; Off          ; LVTTL        ; 24mA             ; Off         ; Fitter               ; Unspecified ;
; led[5]   ; 38    ; 1        ; 0            ; 8            ; 0           ; no              ; no                     ; no            ; no             ; no              ; no         ; no            ; no       ; Off          ; LVTTL        ; 24mA             ; Off         ; Fitter               ; Unspecified ;
; led[6]   ; 81    ; 4        ; 12           ; 0            ; 1           ; no              ; no                     ; no            ; no             ; no              ; no         ; no            ; no       ; Off          ; LVTTL        ; 24mA             ; Off         ; Fitter               ; Unspecified ;
; led[7]   ; 79    ; 4        ; 10           ; 0            ; 0           ; no              ; no                     ; no            ; no             ; no              ; no         ; no            ; no       ; Off          ; LVTTL        ; 24mA             ; Off         ; Fitter               ; Unspecified ;
; sel[0]   ; 165   ; 3        ; 35           ; 16           ; 2           ; no              ; no                     ; no            ; no             ; no              ; no         ; no            ; no       ; Off          ; LVTTL        ; 24mA             ; Off         ; Fitter               ; Unspecified ;
; sel[1]   ; 159   ; 3        ; 35           ; 13           ; 0           ; no              ; no                     ; no            ; no             ; no              ; no         ; no            ; no       ; Off          ; LVTTL        ; 24mA             ; Off         ; Fitter               ; Unspecified ;
; sel[2]   ; 193   ; 2        ; 30           ; 21           ; 2           ; no              ; no                     ; no            ; no             ; no              ; no         ; no            ; no       ; Off          ; LVTTL        ; 24mA             ; Off         ; Fitter               ; Unspecified ;
; sel[3]   ; 161   ; 3        ; 35           ; 14           ; 0           ; no              ; no                     ; no            ; no             ; no              ; no         ; no            ; no       ; Off          ; LVTTL        ; 24mA             ; Off         ; Fitter               ; Unspecified ;
; sel[4]   ; 164   ; 3        ; 35           ; 15           ; 0           ; no              ; no                     ; no            ; no             ; no              ; no         ; no            ; no       ; Off          ; LVTTL        ; 24mA             ; Off         ; Fitter               ; Unspecified ;
; sel[5]   ; 160   ; 3        ; 35           ; 14           ; 1           ; no              ; no                     ; no            ; no             ; no              ; no         ; no            ; no       ; Off          ; LVTTL        ; 24mA             ; Off         ; Fitter               ; Unspecified ;
; sel[6]   ; 197   ; 2        ; 26           ; 21           ; 0           ; no              ; no                     ; no            ; no             ; no              ; no         ; no            ; no       ; Off          ; LVTTL        ; 24mA             ; Off         ; Fitter               ; Unspecified ;
; sel[7]   ; 158   ; 3        ; 35           ; 13           ; 1           ; no              ; no                     ; no            ; no             ; no              ; no         ; no            ; no       ; Off          ; LVTTL        ; 24mA             ; Off         ; Fitter               ; Unspecified ;
+----------+-------+----------+--------------+--------------+-------------+-----------------+------------------------+---------------+----------------+-----------------+------------+---------------+----------+--------------+--------------+------------------+-------------+----------------------+-------------+


+-----------------------------------------------------------+
; I/O Bank Usage                                            ;
+----------+-----------------+---------------+--------------+
; I/O Bank ; Usage           ; VCCIO Voltage ; VREF Voltage ;
+----------+-----------------+---------------+--------------+
; 1        ; 7 / 44 ( 16 % ) ; 3.3V          ; --           ;
; 2        ; 4 / 48 ( 8 % )  ; 3.3V          ; --           ;
; 3        ; 6 / 45 ( 13 % ) ; 3.3V          ; --           ;
; 4        ; 4 / 48 ( 8 % )  ; 3.3V          ; --           ;
+----------+-----------------+---------------+--------------+


+-------------------------------------------------------------------------------------------------------------------------------------------------------------------------+
; All Package Pins                                                                                                                                                        ;
+----------+------------+----------+-------------------------------------------+--------+--------------+---------+------------+-----------------+----------+--------------+
; Location ; Pad Number ; I/O Bank ; Pin Name/Usage                            ; Dir.   ; I/O Standard ; Voltage ; I/O Type   ; User Assignment ; Bus Hold ; Weak Pull Up ;
+----------+------------+----------+-------------------------------------------+--------+--------------+---------+------------+-----------------+----------+--------------+
; 1        ; 0          ; 1        ; GND*                                      ;        ;              ;         ; Row I/O    ;                 ; no       ; Off          ;
; 2        ; 1          ; 1        ; GND*                                      ;        ;              ;         ; Row I/O    ;                 ; no       ; Off          ;
; 3        ; 2          ; 1        ; GND*                                      ;        ;              ;         ; Row I/O    ;                 ; no       ; Off          ;
; 4        ; 3          ; 1        ; GND*                                      ;        ;              ;         ; Row I/O    ;                 ; no       ; Off          ;
; 5        ; 4          ; 1        ; GND*                                      ;        ;              ;         ; Row I/O    ;                 ; no       ; Off          ;
; 6        ; 5          ; 1        ; GND*                                      ;        ;              ;         ; Row I/O    ;                 ; no       ; Off          ;
; 7        ; 6          ; 1        ; GND*                                      ;        ;              ;         ; Row I/O    ;                 ; no       ; Off          ;
; 8        ; 7          ; 1        ; GND*                                      ;        ;              ;         ; Row I/O    ;                 ; no       ; Off          ;
; 9        ;            ; 1        ; VCCIO1                                    ; power  ;              ; 3.3V    ; --         ;                 ; --       ; --           ;
; 10       ;            ;          ; GND                                       ; gnd    ;              ;         ; --         ;                 ; --       ; --           ;
; 11       ; 8          ; 1        ; GND*                                      ;        ;              ;         ; Row I/O    ;                 ; no       ; Off          ;
; 12       ; 9          ; 1        ; GND*                                      ;        ;              ;         ; Row I/O    ;                 ; no       ; Off          ;
; 13       ; 10         ; 1        ; GND*                                      ;        ;              ;         ; Row I/O    ;                 ; no       ; Off          ;
; 14       ; 11         ; 1        ; GND*                                      ;        ;              ;         ; Row I/O    ;                 ; no       ; Off          ;
; 15       ; 12         ; 1        ; GND*                                      ;        ;              ;         ; Row I/O    ;                 ; no       ; Off          ;
; 16       ; 13         ; 1        ; GND*                                      ;        ;              ;         ; Row I/O    ;                 ; no       ; Off          ;
; 17       ; 14         ; 1        ; GND*                                      ;        ;              ;         ; Row I/O    ;                 ; no       ; Off          ;
; 18       ; 15         ; 1        ; GND*                                      ;        ;              ;         ; Row I/O    ;                 ; no       ; Off          ;
; 19       ; 16         ; 1        ; GND*                                      ;        ;              ;         ; Row I/O    ;                 ; no       ; Off          ;
; 20       ; 17         ; 1        ; GND*                                      ;        ;              ;         ; Row I/O    ;                 ; no       ; Off          ;
; 21       ; 18         ; 1        ; GND*                                      ;        ;              ;         ; Row I/O    ;                 ; no       ; Off          ;
; 22       ;            ; 1        ; VCCIO1                                    ; power  ;              ; 3.3V    ; --         ;                 ; --       ; --           ;
; 23       ; 19         ; 1        ; GND*                                      ;        ;              ;         ; Row I/O    ;                 ; no       ; Off          ;
; 24       ; 20         ; 1        ; +~nCSO~ / RESERVED_INPUT_WITH_WEAK_PULLUP ; input  ; LVTTL        ;         ; Row I/O    ; N               ; no       ; Off          ;
; 25       ; 21         ; 1        ; ^DATA0                                    ; input  ;              ;         ; --         ;                 ; --       ; --           ;
; 26       ; 22         ; 1        ; ^nCONFIG                                  ;        ;              ;         ; --         ;                 ; --       ; --           ;
; 27       ;            ;          ; VCCA_PLL1                                 ; power  ;              ; 1.5V    ; --         ;                 ; --       ; --           ;
; 28       ; 23         ; 1        ; clk                                       ; input  ; LVTTL        ;         ; Row I/O    ; N               ; no       ; Off          ;
; 29       ; 24         ; 1        ; scan_clk                                  ; input  ; LVTTL        ;         ; Row I/O    ; N               ; no       ; Off          ;
; 30       ;            ;          ; GNDA_PLL1                                 ; gnd    ;              ;         ; --         ;                 ; --       ; --           ;
; 31       ;            ;          ; GNDG_PLL1                                 ; gnd    ;              ;         ; --         ;                 ; --       ; --           ;
; 32       ; 25         ; 1        ; ^nCEO                                     ;        ;              ;         ; --         ;                 ; --       ; --           ;
; 33       ; 26         ; 1        ; ^nCE                                      ;        ;              ;         ; --         ;                 ; --       ; --           ;
; 34       ; 27         ; 1        ; ^MSEL0                                    ;        ;              ;         ; --         ;                 ; --       ; --           ;
; 35       ; 28         ; 1        ; ^MSEL1                                    ;        ;              ;         ; --         ;                 ; --       ; --           ;
; 36       ; 29         ; 1        ; ^DCLK                                     ; bidir  ;              ;         ; --         ;                 ; --       ; --           ;
; 37       ; 30         ; 1        ; +~ASDO~ / RESERVED_INPUT_WITH_WEAK_PULLUP ; input  ; LVTTL        ;         ; Row I/O    ; N               ; no       ; Off          ;
; 38       ; 31         ; 1        ; led[5]                                    ; output ; LVTTL        ;         ; Row I/O    ; N               ; no       ; Off          ;
; 39       ; 32         ; 1        ; led[2]                                    ; output ; LVTTL        ;         ; Row I/O    ; N               ; no       ; Off          ;
; 40       ;            ;          ; GND                                       ; gnd    ;              ;         ; --         ;                 ; --       ; --           ;
; 41       ; 33         ; 1        ; GND*                                      ;        ;              ;         ; Row I/O    ;                 ; no       ; Off          ;
; 42       ; 34         ; 1        ; GND*                                      ;        ;              ;         ; Row I/O    ;                 ; no       ; Off          ;
; 43       ; 35         ; 1        ; led[3]                                    ; output ; LVTTL        ;         ; Row I/O    ; N               ; no       ; Off          ;
; 44       ; 36         ; 1        ; GND*                                      ;        ;              ;         ; Row I/O    ;                 ; no       ; Off          ;
; 45       ; 37         ; 1        ; GND*                                      ;        ;              ;         ; Row I/O    ;                 ; no       ; Off          ;
; 46       ; 38         ; 1        ; GND*                                      ;        ;              ;         ; Row I/O    ;                 ; no       ; Off          ;
; 47       ; 39         ; 1        ; GND*                                      ;        ;              ;         ; Row I/O    ;                 ; no       ; Off          ;
; 48       ; 40         ; 1        ; GND*                                      ;        ;              ;         ; Row I/O    ;                 ; no       ; Off          ;
; 49       ; 41         ; 1        ; GND*                                      ;        ;              ;         ; Row I/O    ;                 ; no       ; Off          ;
; 50       ; 42         ; 1        ; GND*                                      ;        ;              ;         ; Row I/O    ;                 ; no       ; Off          ;
; 51       ;            ; 1        ; VCCIO1                                    ; power  ;              ; 3.3V    ; --         ;                 ; --       ; --           ;
; 52       ;            ;          ; GND                                       ; gnd    ;              ;         ; --         ;                 ; --       ; --           ;
; 53       ; 43         ; 1        ; GND*                                      ;        ;              ;         ; Row I/O    ;                 ; no       ; Off          ;
; 54       ; 44         ; 1        ; GND*                                      ;        ;              ;         ; Row I/O    ;                 ; no       ; Off          ;
; 55       ; 45         ; 1        ; GND*                                      ;        ;              ;         ; Row I/O    ;                 ; no       ; Off          ;
; 56       ; 46         ; 1        ; GND*                                      ;        ;              ;         ; Row I/O    ;                 ; no       ; Off          ;
; 57       ; 47         ; 1        ; GND*                                      ;        ;              ;         ; Row I/O    ;                 ; no       ; Off          ;
; 58       ; 48         ; 1        ; GND*                                      ;        ;              ;         ; Row I/O    ;                 ; no       ; Off          ;
; 59       ; 49         ; 1        ; GND*                                      ;        ;              ;         ; Row I/O    ;                 ; no       ; Off          ;
; 60       ; 50         ; 1        ; GND*                                      ;        ;              ;         ; Row I/O    ;                 ; no       ; Off          ;
; 61       ; 51         ; 4        ; GND*                                      ;        ;              ;         ; Column I/O ;                 ; no       ; Off          ;
; 62       ; 52         ; 4        ; GND*                                      ;        ;              ;         ; Column I/O ;                 ; no       ; Off          ;
; 63       ; 53         ; 4        ; GND*                                      ;        ;              ;         ; Column I/O ;                 ; no       ; Off          ;
; 64       ; 54         ; 4        ; GND*                                      ;        ;              ;         ; Column I/O ;                 ; no       ; Off          ;
; 65       ; 55         ; 4        ; GND*                                      ;        ;              ;         ; Column I/O ;                 ; no       ; Off          ;
; 66       ; 56         ; 4        ; GND*                                      ;        ;              ;         ; Column I/O ;                 ; no       ; Off          ;
; 67       ; 57         ; 4        ; GND*                                      ;        ;              ;         ; Column I/O ;                 ; no       ; Off          ;
; 68       ; 58         ; 4        ; GND*                                      ;        ;              ;         ; Column I/O ;                 ; no       ; Off          ;
; 69       ;            ;          ; GND                                       ; gnd    ;              ;         ; --         ;                 ; --       ; --           ;
; 70       ;            ; 4        ; VCCIO4                                    ; power  ;              ; 3.3V    ; --         ;                 ; --       ; --           ;
; 71       ;            ;          ; GND                                       ; gnd    ;              ;         ; --         ;                 ; --       ; --           ;
; 72       ;            ;          ; VCCINT                                    ; power  ;              ; 1.5V    ; --         ;                 ; --       ; --           ;
; 73       ; 59         ; 4        ; GND*                                      ;        ;              ;         ; Column I/O ;                 ; no       ; Off          ;
; 74       ; 60         ; 4        ; GND*                                      ;        ;              ;         ; Column I/O ;                 ; no       ; Off          ;
; 75       ; 61         ; 4        ; GND*                                      ;        ;              ;         ; Column I/O ;                 ; no       ; Off          ;
; 76       ; 62         ; 4        ; GND*                                      ;        ;              ;         ; Column I/O ;                 ; no       ; Off          ;
; 77       ; 63         ; 4        ; GND*                                      ;        ;              ;         ; Column I/O ;                 ; no       ; Off          ;
; 78       ; 64         ; 4        ; GND*                                      ;        ;              ;         ; Column I/O ;                 ; no       ; Off          ;
; 79       ; 65         ; 4        ; led[7]                                    ; output ; LVTTL        ;         ; Column I/O ; N               ; no       ; Off          ;
; 80       ; 66         ; 4        ; led[0]                                    ; output ; LVTTL        ;         ; Column I/O ; N               ; no       ; Off          ;
; 81       ; 67         ; 4        ; led[6]                                    ; output ; LVTTL        ;         ; Column I/O ; N               ; no       ; Off          ;
; 82       ; 68         ; 4        ; led[4]                                    ; output ; LVTTL        ;         ; Column I/O ; N               ; no       ; Off          ;
; 83       ; 69         ; 4        ; GND*                                      ;        ;              ;         ; Column I/O ;                 ; no       ; Off          ;
; 84       ; 70         ; 4        ; GND*                                      ;        ;              ;         ; Column I/O ;                 ; no       ; Off          ;
; 85       ; 71         ; 4        ; GND*                                      ;        ;              ;         ; Column I/O ;                 ; no       ; Off          ;
; 86       ; 72         ; 4        ; GND*                                      ;        ;              ;         ; Column I/O ;                 ; no       ; Off          ;
; 87       ; 73         ; 4        ; GND*                                      ;        ;              ;         ; Column I/O ;                 ; no       ; Off          ;
; 88       ; 74         ; 4        ; GND*                                      ;        ;              ;         ; Column I/O ;                 ; no       ; Off          ;
; 89       ;            ;          ; GND                                       ; gnd    ;              ;         ; --         ;                 ; --       ; --           ;
; 90       ;            ;          ; VCCINT                                    ; power  ;              ; 1.5V    ; --         ;                 ; --       ; --           ;
; 91       ;            ;          ; GND                                       ; gnd    ;              ;         ; --         ;                 ; --       ; --           ;
; 92       ;            ; 4        ; VCCIO4                                    ; power  ;              ; 3.3V    ; --         ;                 ; --       ; --           ;
; 93       ; 75         ; 4        ; GND*                                      ;        ;              ;         ; Column I/O ;                 ; no       ; Off          ;
; 94       ; 76         ; 4        ; GND*                                      ;        ;              ;         ; Column I/O ;                 ; no       ; Off          ;
; 95       ; 77         ; 4        ; GND*                                      ;        ;              ;         ; Column I/O ;                 ; no       ; Off          ;
; 96       ; 78         ; 4        ; GND*                                      ;        ;              ;         ; Column I/O ;                 ; no       ; Off          ;
; 97       ; 79         ; 4        ; GND*                                      ;        ;              ;         ; Column I/O ;                 ; no       ; Off          ;
; 98       ; 80         ; 4        ; GND*                                      ;        ;              ;         ; Column I/O ;                 ; no       ; Off          ;
; 99       ; 81         ; 4        ; GND*                                      ;        ;              ;         ; Column I/O ;                 ; no       ; Off          ;
; 100      ; 82         ; 4        ; GND*                                      ;        ;              ;         ; Column I/O ;                 ; no       ; Off          ;
; 101      ; 83         ; 4        ; GND*                                      ;        ;              ;         ; Column I/O ;                 ; no       ; Off          ;
; 102      ; 84         ; 4        ; GND*                                      ;        ;              ;         ; Column I/O ;                 ; no       ; Off          ;
; 103      ; 85         ; 4        ; GND*                                      ;        ;              ;         ; Column I/O ;                 ; no       ; Off          ;
; 104      ; 86         ; 4        ; GND*                                      ;        ;              ;         ; Column I/O ;                 ; no       ; Off          ;
; 105      ; 87         ; 4        ; GND*                                      ;        ;              ;         ; Column I/O ;                 ; no       ; Off          ;
; 106      ; 88         ; 4        ; GND*                                      ;        ;              ;         ; Column I/O ;                 ; no       ; Off          ;
; 107      ; 89         ; 4        ; GND*                                      ;        ;              ;         ; Column I/O ;                 ; no       ; Off          ;
; 108      ; 90         ; 4        ; GND*                                      ;        ;              ;         ; Column I/O ;                 ; no       ; Off          ;
; 109      ;            ;          ; GND                                       ; gnd    ;              ;         ; --         ;                 ; --       ; --           ;
; 110      ;            ;          ; VCCINT                                    ; power  ;              ; 1.5V    ; --         ;                 ; --       ; --           ;
; 111      ;            ;          ; GND                                       ; gnd    ;              ;         ; --         ;                 ; --       ; --           ;
; 112      ;            ; 4        ; VCCIO4                                    ; power  ;              ; 3.3V    ; --         ;                 ; --       ; --           ;
; 113      ; 91         ; 4        ; GND*                                      ;        ;              ;         ; Column I/O ;                 ; no       ; Off          ;
; 114      ; 92         ; 4        ; GND*                                      ;        ;              ;         ; Column I/O ;                 ; no       ; Off          ;
; 115      ; 93         ; 4        ; GND*                                      ;        ;              ;         ; Column I/O ;                 ; no       ; Off          ;
; 116      ; 94         ; 4        ; GND*                                      ;        ;              ;         ; Column I/O ;                 ; no       ; Off          ;
; 117      ; 95         ; 4        ; GND*                                      ;        ;              ;         ; Column I/O ;                 ; no       ; Off          ;
; 118      ; 96         ; 4        ; GND*                                      ;        ;              ;         ; Column I/O ;                 ; no       ; Off          ;
; 119      ; 97         ; 4        ; GND*                                      ;        ;              ;         ; Column I/O ;                 ; no       ; Off          ;
; 120      ; 98         ; 4        ; GND*                                      ;        ;              ;         ; Column I/O ;                 ; no       ; Off          ;
; 121      ; 99         ; 3        ; GND*                                      ;        ;              ;         ; Row I/O    ;                 ; no       ; Off          ;
; 122      ; 100        ; 3        ; GND*                                      ;        ;              ;         ; Row I/O    ;                 ; no       ; Off          ;
; 123      ; 101        ; 3        ; GND*                                      ;        ;              ;         ; Row I/O    ;                 ; no       ; Off          ;
; 124      ; 102        ; 3        ; GND*                                      ;        ;              ;         ; Row I/O    ;                 ; no       ; Off          ;
; 125      ; 103        ; 3        ; GND*                                      ;        ;              ;         ; Row I/O    ;                 ; no       ; Off          ;
; 126      ; 104        ; 3        ; GND*                                      ;        ;              ;         ; Row I/O    ;                 ; no       ; Off          ;
; 127      ; 105        ; 3        ; GND*                                      ;        ;              ;         ; Row I/O    ;                 ; no       ; Off          ;
; 128      ; 106        ; 3        ; GND*                                      ;        ;              ;         ; Row I/O    ;                 ; no       ; Off          ;
; 129      ;            ;          ; GND                                       ; gnd    ;              ;         ; --         ;                 ; --       ; --           ;
; 130      ;            ; 3        ; VCCIO3                                    ; power  ;              ; 3.3V    ; --         ;                 ; --       ; --           ;
; 131      ; 107        ; 3        ; GND*                                      ;        ;              ;         ; Row I/O    ;                 ; no       ; Off          ;
; 132      ; 108        ; 3        ; GND*                                      ;        ;              ;         ; Row I/O    ;                 ; no       ; Off          ;
; 133      ; 109        ; 3        ; GND*                                      ;        ;              ;         ; Row I/O    ;                 ; no       ; Off          ;
; 134      ; 110        ; 3        ; GND*                                      ;        ;              ;         ; Row I/O    ;                 ; no       ; Off          ;
; 135      ; 111        ; 3        ; GND*                                      ;        ;              ;         ; Row I/O    ;                 ; no       ; Off          ;
; 136      ; 112        ; 3        ; GND*                                      ;        ;              ;         ; Row I/O    ;                 ; no       ; Off          ;
; 137      ; 113        ; 3        ; GND*                                      ;        ;              ;         ; Row I/O    ;                 ; no       ; Off          ;
; 138      ; 114        ; 3        ; GND*                                      ;        ;              ;         ; Row I/O    ;                 ; no       ; Off          ;
; 139      ; 115        ; 3        ; GND*                                      ;        ;              ;         ; Row I/O    ;                 ; no       ; Off          ;
; 140      ; 116        ; 3        ; GND*                                      ;        ;              ;         ; Row I/O    ;                 ; no       ; Off          ;
; 141      ; 117        ; 3        ; GND*                                      ;        ;              ;         ; Row I/O    ;                 ; no       ; Off          ;
; 142      ;            ;          ; GND                                       ; gnd    ;              ;         ; --         ;                 ; --       ; --           ;
; 143      ; 118        ; 3        ; GND*                                      ;        ;              ;         ; Row I/O    ;                 ; no       ; Off          ;
; 144      ; 119        ; 3        ; GND*                                      ;        ;              ;         ; Row I/O    ;                 ; no       ; Off          ;
; 145      ; 120        ; 3        ; ^CONF_DONE                                ;        ;              ;         ; --         ;                 ; --       ; --           ;
; 146      ; 121        ; 3        ; ^nSTATUS                                  ;        ;              ;         ; --         ;                 ; --       ; --           ;
; 147      ; 122        ; 3        ; #TCK                                      ; input  ;              ;         ; --         ;                 ; --       ; --           ;
; 148      ; 123        ; 3        ; #TMS                                      ; input  ;              ;         ; --         ;                 ; --       ; --           ;
; 149      ; 124        ; 3        ; #TDO                                      ; output ;              ;         ; --         ;                 ; --       ; --           ;
; 150      ;            ;          ; GNDG_PLL2                                 ; gnd    ;              ;         ; --         ;                 ; --       ; --           ;
; 151      ;            ;          ; GNDA_PLL2                                 ; gnd    ;              ;         ; --         ;                 ; --       ; --           ;
; 152      ; 125        ; 3        ; GND+                                      ;        ;              ;         ; Row I/O    ;                 ; --       ; --           ;
; 153      ; 126        ; 3        ; GND+                                      ;        ;              ;         ; Row I/O    ;                 ; --       ; --           ;
; 154      ;            ;          ; VCCA_PLL2                                 ; power  ;              ; 1.5V    ; --         ;                 ; --       ; --           ;
; 155      ; 127        ; 3        ; #TDI                                      ; input  ;              ;         ; --         ;                 ; --       ; --           ;
; 156      ; 128        ; 3        ; GND*                                      ;        ;              ;         ; Row I/O    ;                 ; no       ; Off          ;
; 157      ;            ; 3        ; VCCIO3                                    ; power  ;              ; 3.3V    ; --         ;                 ; --       ; --           ;
; 158      ; 129        ; 3        ; sel[7]                                    ; output ; LVTTL        ;         ; Row I/O    ; N               ; no       ; Off          ;
; 159      ; 130        ; 3        ; sel[1]                                    ; output ; LVTTL        ;         ; Row I/O    ; N               ; no       ; Off          ;
; 160      ; 131        ; 3        ; sel[5]                                    ; output ; LVTTL        ;         ; Row I/O    ; N               ; no       ; Off          ;
; 161      ; 132        ; 3        ; sel[3]                                    ; output ; LVTTL        ;         ; Row I/O    ; N               ; no       ; Off          ;
; 162      ; 133        ; 3        ; GND*                                      ;        ;              ;         ; Row I/O    ;                 ; no       ; Off          ;
; 163      ; 134        ; 3        ; GND*                                      ;        ;              ;         ; Row I/O    ;                 ; no       ; Off          ;
; 164      ; 135        ; 3        ; sel[4]                                    ; output ; LVTTL        ;         ; Row I/O    ; N               ; no       ; Off          ;
; 165      ; 136        ; 3        ; sel[0]                                    ; output ; LVTTL        ;         ; Row I/O    ; N               ; no       ; Off          ;
; 166      ; 137        ; 3        ; GND*                                      ;        ;              ;         ; Row I/O    ;                 ; no       ; Off          ;
; 167      ; 138        ; 3        ; GND*                                      ;        ;              ;         ; Row I/O    ;                 ; no       ; Off          ;
; 168      ; 139        ; 3        ; GND*                                      ;        ;              ;         ; Row I/O    ;                 ; no       ; Off          ;
; 169      ; 140        ; 3        ; GND*                                      ;        ;              ;         ; Row I/O    ;                 ; no       ; Off          ;
; 170      ; 141        ; 3        ; GND*                                      ;        ;              ;         ; Row I/O    ;                 ; no       ; Off          ;
; 171      ;            ;          ; GND                                       ; gnd    ;              ;         ; --         ;                 ; --       ; --           ;
; 172      ;            ; 3        ; VCCIO3                                    ; power  ;              ; 3.3V    ; --         ;                 ; --       ; --           ;
; 173      ; 142        ; 3        ; GND*                                      ;        ;              ;         ; Row I/O    ;                 ; no       ; Off          ;
; 174      ; 143        ; 3        ; GND*                                      ;        ;              ;         ; Row I/O    ;                 ; no       ; Off          ;
; 175      ; 144        ; 3        ; GND*                                      ;        ;              ;         ; Row I/O    ;                 ; no       ; Off          ;
; 176      ; 145        ; 3        ; GND*                                      ;        ;              ;         ; Row I/O    ;                 ; no       ; Off          ;
; 177      ; 146        ; 3        ; GND*                                      ;        ;              ;         ; Row I/O    ;                 ; no       ; Off          ;
; 178      ; 147        ; 3        ; GND*                                      ;        ;              ;         ; Row I/O    ;                 ; no       ; Off          ;
; 179      ; 148        ; 3        ; GND*                                      ;        ;              ;         ; Row I/O    ;                 ; no       ; Off          ;
; 180      ; 149        ; 3        ; GND*                                      ;        ;              ;         ; Row I/O    ;                 ; no       ; Off          ;
; 181      ; 150        ; 2        ; GND*                                      ;        ;              ;         ; Column I/O ;                 ; no       ; Off          ;
; 182      ; 151        ; 2        ; GND*                                      ;        ;              ;         ; Column I/O ;                 ; no       ; Off          ;
; 183      ; 152        ; 2        ; GND*                                      ;        ;              ;         ; Column I/O ;                 ; no       ; Off          ;
; 184      ; 153        ; 2        ; GND*                                      ;        ;              ;         ; Column I/O ;                 ; no       ; Off          ;
; 185      ; 154        ; 2        ; GND*                                      ;        ;              ;         ; Column I/O ;                 ; no       ; Off          ;
; 186      ; 155        ; 2        ; GND*                                      ;        ;              ;         ; Column I/O ;                 ; no       ; Off          ;
; 187      ; 156        ; 2        ; GND*                                      ;        ;              ;         ; Column I/O ;                 ; no       ; Off          ;
; 188      ; 157        ; 2        ; GND*                                      ;        ;              ;         ; Column I/O ;                 ; no       ; Off          ;
; 189      ;            ; 2        ; VCCIO2                                    ; power  ;              ; 3.3V    ; --         ;                 ; --       ; --           ;
; 190      ;            ;          ; GND                                       ; gnd    ;              ;         ; --         ;                 ; --       ; --           ;
; 191      ;            ;          ; VCCINT                                    ; power  ;              ; 1.5V    ; --         ;                 ; --       ; --           ;
; 192      ;            ;          ; GND                                       ; gnd    ;              ;         ; --         ;                 ; --       ; --           ;
; 193      ; 158        ; 2        ; sel[2]                                    ; output ; LVTTL        ;         ; Column I/O ; N               ; no       ; Off          ;
; 194      ; 159        ; 2        ; GND*                                      ;        ;              ;         ; Column I/O ;                 ; no       ; Off          ;
; 195      ; 160        ; 2        ; GND*                                      ;        ;              ;         ; Column I/O ;                 ; no       ; Off          ;
; 196      ; 161        ; 2        ; GND*                                      ;        ;              ;         ; Column I/O ;                 ; no       ; Off          ;
; 197      ; 162        ; 2        ; sel[6]                                    ; output ; LVTTL        ;         ; Column I/O ; N               ; no       ; Off          ;
; 198      ; 163        ; 2        ; finalout                                  ; output ; LVTTL        ;         ; Column I/O ; N               ; no       ; Off          ;
; 199      ; 164        ; 2        ; GND*                                      ;        ;              ;         ; Column I/O ;                 ; no       ; Off          ;
; 200      ; 165        ; 2        ; GND*                                      ;        ;              ;         ; Column I/O ;                 ; no       ; Off          ;
; 201      ; 166        ; 2        ; GND*                                      ;        ;              ;         ; Column I/O ;                 ; no       ; Off          ;
; 202      ; 167        ; 2        ; GND*                                      ;        ;              ;         ; Column I/O ;                 ; no       ; Off          ;
; 203      ; 168        ; 2        ; GND*                                      ;        ;              ;         ; Column I/O ;                 ; no       ; Off          ;
; 204      ; 169        ; 2        ; GND*                                      ;        ;              ;         ; Column I/O ;                 ; no       ; Off          ;
; 205      ; 170        ; 2        ; GND*                                      ;        ;              ;         ; Column I/O ;                 ; no       ; Off          ;
; 206      ; 171        ; 2        ; GND*                                      ;        ;              ;         ; Column I/O ;                 ; no       ; Off          ;
; 207      ; 172        ; 2        ; GND*                                      ;        ;              ;         ; Column I/O ;                 ; no       ; Off          ;
; 208      ; 173        ; 2        ; GND*                                      ;        ;              ;         ; Column I/O ;                 ; no       ; Off          ;
; 209      ;            ; 2        ; VCCIO2                                    ; power  ;              ; 3.3V    ; --         ;                 ; --       ; --           ;
; 210      ;            ;          ; GND                                       ; gnd    ;              ;         ; --         ;                 ; --       ; --           ;
; 211      ;            ;          ; VCCINT                                    ; power  ;              ; 1.5V    ; --         ;                 ; --       ; --           ;
; 212      ;            ;          ; GND                                       ; gnd    ;              ;         ; --         ;                 ; --       ; --           ;
; 213      ; 174        ; 2        ; GND*                                      ;        ;              ;         ; Column I/O ;                 ; no       ; Off          ;
; 214      ; 175        ; 2        ; GND*                                      ;        ;              ;         ; Column I/O ;                 ; no       ; Off          ;
; 215      ; 176        ; 2        ; GND*                                      ;        ;              ;         ; Column I/O ;                 ; no       ; Off          ;
; 216      ; 177        ; 2        ; GND*                                      ;        ;              ;         ; Column I/O ;                 ; no       ; Off          ;
; 217      ; 178        ; 2        ; GND*                                      ;        ;              ;         ; Column I/O ;                 ; no       ; Off          ;
; 218      ; 179        ; 2        ; GND*                                      ;        ;              ;         ; Column I/O ;                 ; no       ; Off          ;
; 219      ; 180        ; 2        ; GND*                                      ;        ;              ;         ; Column I/O ;                 ; no       ; Off          ;
; 220      ; 181        ; 2        ; led[1]                                    ; output ; LVTTL        ;         ; Column I/O ; N               ; no       ; Off          ;
; 221      ; 182        ; 2        ; GND*                                      ;        ;              ;         ; Column I/O ;                 ; no       ; Off          ;
; 222      ; 183        ; 2        ; GND*                                      ;        ;              ;         ; Column I/O ;                 ; no       ; Off          ;
; 223      ; 184        ; 2        ; GND*                                      ;        ;              ;         ; Column I/O ;                 ; no       ; Off          ;
; 224      ; 185        ; 2        ; GND*                                      ;        ;              ;         ; Column I/O ;                 ; no       ; Off          ;
; 225      ; 186        ; 2        ; GND*                                      ;        ;              ;         ; Column I/O ;                 ; no       ; Off          ;
; 226      ; 187        ; 2        ; GND*                                      ;        ;              ;         ; Column I/O ;                 ; no       ; Off          ;
; 227      ; 188        ; 2        ; GND*                                      ;        ;              ;         ; Column I/O ;                 ; no       ; Off          ;
; 228      ; 189        ; 2        ; GND*                                      ;        ;              ;         ; Column I/O ;                 ; no       ; Off          ;
; 229      ;            ;          ; VCCINT                                    ; power  ;              ; 1.5V    ; --         ;                 ; --       ; --           ;
; 230      ;            ;          ; GND                                       ; gnd    ;              ;         ; --         ;                 ; --       ; --           ;
; 231      ;            ; 2        ; VCCIO2                                    ; power  ;              ; 3.3V    ; --         ;                 ; --       ; --           ;
; 232      ;            ;          ; GND                                       ; gnd    ;              ;         ; --         ;                 ; --       ; --           ;
; 233      ; 190        ; 2        ; GND*                                      ;        ;              ;         ; Column I/O ;                 ; no       ; Off          ;
; 234      ; 191        ; 2        ; GND*                                      ;        ;              ;         ; Column I/O ;                 ; no       ; Off          ;
; 235      ; 192        ; 2        ; GND*                                      ;        ;              ;         ; Column I/O ;                 ; no       ; Off          ;
; 236      ; 193        ; 2        ; GND*                                      ;        ;              ;         ; Column I/O ;                 ; no       ; Off          ;
; 237      ; 194        ; 2        ; GND*                                      ;        ;              ;         ; Column I/O ;                 ; no       ; Off          ;
; 238      ; 195        ; 2        ; GND*                                      ;        ;              ;         ; Column I/O ;                 ; no       ; Off          ;
; 239      ; 196        ; 2        ; GND*                                      ;        ;              ;         ; Column I/O ;                 ; no       ; Off          ;
; 240      ; 197        ; 2        ; GND*                                      ;        ;              ;         ; Column I/O ;                 ; no       ; Off          ;
+----------+------------+----------+-------------------------------------------+--------+--------------+---------+------------+-----------------+----------+--------------+


+------------------------------------------------------------------+
; Output Pin Default Load For Reported TCO                         ;
+---------------------+-------+------------------------------------+
; I/O Standard        ; Load  ; Termination Resistance             ;
+---------------------+-------+------------------------------------+
; LVTTL               ; 10 pF ; Not Available                      ;
; LVCMOS              ; 10 pF ; Not Available                      ;
; 2.5 V               ; 10 pF ; Not Available                      ;
; 1.8 V               ; 10 pF ; Not Available                      ;
; 1.5 V               ; 10 pF ; Not Available                      ;
; SSTL-3 Class I      ; 30 pF ; 50 Ohm (Parallel), 25 Ohm (Serial) ;
; SSTL-3 Class II     ; 30 pF ; 25 Ohm (Parallel), 25 Ohm (Serial) ;
; SSTL-2 Class I      ; 30 pF ; 50 Ohm (Parallel), 25 Ohm (Serial) ;
; SSTL-2 Class II     ; 30 pF ; 25 Ohm (Parallel), 25 Ohm (Serial) ;
; Differential SSTL-2 ; 30 pF ; (See SSTL-2)                       ;
; 3.3-V PCI           ; 10 pF ; 25 Ohm (Parallel)                  ;
; LVDS                ; 4 pF  ; 100 Ohm (Differential)             ;
; RSDS                ; 0 pF  ; 100 Ohm (Differential)             ;
+---------------------+-------+------------------------------------+
Note: User assignments will override these defaults. The user specified values are listed in the Output Pins and Bidir Pins tables.


+------------------------------------------------------------------------------------------------------------------------------------------------------------------------------------------------------------+
; Fitter Resource Utilization by Entity                                                                                                                                                                      ;
+----------------------------+-------------+--------------+-------------+------+--------------+--------------+-------------------+------------------+-----------------+------------+-------------------------+
; Compilation Hierarchy Node ; Logic Cells ; LC Registers ; Memory Bits ; Pins ; Virtual Pins ; LUT-Only LCs ; Register-Only LCs ; LUT/Register LCs ; Carry Chain LCs ; Packed LCs ; Full Hierarchy Name     ;
+----------------------------+-------------+--------------+-------------+------+--------------+--------------+-------------------+------------------+-----------------+------------+-------------------------+
; |MyClock                   ; 128 (0)     ; 35           ; 0           ; 19   ; 0            ; 93 (0)       ; 0 (0)             ; 35 (0)           ; 17 (0)          ; 0 (0)      ; |MyClock                ;
;    |Hour:inst2|            ; 13 (13)     ; 6            ; 0           ; 0    ; 0            ; 7 (7)        ; 0 (0)             ; 6 (6)            ; 5 (5)           ; 0 (0)      ; |MyClock|Hour:inst2     ;
;    |clock:inst1|           ; 20 (20)     ; 7            ; 0           ; 0    ; 0            ; 13 (13)      ; 0 (0)             ; 7 (7)            ; 6 (6)           ; 0 (0)      ; |MyClock|clock:inst1    ;
;    |clock:inst|            ; 23 (23)     ; 7            ; 0           ; 0    ; 0            ; 16 (16)      ; 0 (0)             ; 7 (7)            ; 6 (6)           ; 0 (0)      ; |MyClock|clock:inst     ;
;    |selector:inst4|        ; 72 (72)     ; 15           ; 0           ; 0    ; 0            ; 57 (57)      ; 0 (0)             ; 15 (15)          ; 0 (0)           ; 0 (0)      ; |MyClock|selector:inst4 ;
+----------------------------+-------------+--------------+-------------+------+--------------+--------------+-------------------+------------------+-----------------+------------+-------------------------+
Note: For table entries with two numbers listed, the numbers in parentheses indicate the number of resources of the given type used by the specific entity alone. The numbers listed outside of parentheses indicate the total resources of the given type used by the specific entity and all of its sub-entities in the hierarchy.


+-----------------------------------------------------------------------------------+
; Delay Chain Summary                                                               ;
+----------+----------+---------------+---------------+-----------------------+-----+
; Name     ; Pin Type ; Pad to Core 0 ; Pad to Core 1 ; Pad to Input Register ; TCO ;
+----------+----------+---------------+---------------+-----------------------+-----+
; scan_clk ; Input    ; OFF           ; OFF           ; --                    ; --  ;
; clk      ; Input    ; OFF           ; OFF           ; --                    ; --  ;
; finalout ; Output   ; --            ; --            ; --                    ; --  ;
; led[7]   ; Output   ; --            ; --            ; --                    ; --  ;
; led[6]   ; Output   ; --            ; --            ; --                    ; --  ;
; led[5]   ; Output   ; --            ; --            ; --                    ; --  ;
; led[4]   ; Output   ; --            ; --            ; --                    ; --  ;
; led[3]   ; Output   ; --            ; --            ; --                    ; --  ;
; led[2]   ; Output   ; --            ; --            ; --                    ; --  ;
; led[1]   ; Output   ; --            ; --            ; --                    ; --  ;
; led[0]   ; Output   ; --            ; --            ; --                    ; --  ;
; sel[7]   ; Output   ; --            ; --            ; --                    ; --  ;
; sel[6]   ; Output   ; --            ; --            ; --                    ; --  ;
; sel[5]   ; Output   ; --            ; --            ; --                    ; --  ;
; sel[4]   ; Output   ; --            ; --            ; --                    ; --  ;
; sel[3]   ; Output   ; --            ; --            ; --                    ; --  ;
; sel[2]   ; Output   ; --            ; --            ; --                    ; --  ;
; sel[1]   ; Output   ; --            ; --            ; --                    ; --  ;
; sel[0]   ; Output   ; --            ; --            ; --                    ; --  ;
+----------+----------+---------------+---------------+-----------------------+-----+


+---------------------------------------------------+
; Pad To Core Delay Chain Fanout                    ;
+---------------------+-------------------+---------+
; Source Pin / Fanout ; Pad To Core Index ; Setting ;
+---------------------+-------------------+---------+
; scan_clk            ;                   ;         ;
; clk                 ;                   ;         ;
+---------------------+-------------------+---------+


+----------------------------------------------------------------------------------------------------------+
; Control Signals                                                                                          ;
+---------------------+---------------+---------+-------+--------+----------------------+------------------+
; Name                ; Location      ; Fan-Out ; Usage ; Global ; Global Resource Used ; Global Line Name ;
+---------------------+---------------+---------+-------+--------+----------------------+------------------+
; clk                 ; PIN_28        ; 7       ; Clock ; yes    ; Global clock         ; GCLK2            ;
; clock:inst1|clk_jin ; LC_X24_Y15_N2 ; 6       ; Clock ; yes    ; Global clock         ; GCLK6            ;
; clock:inst|clk_jin  ; LC_X20_Y13_N2 ; 7       ; Clock ; yes    ; Global clock         ; GCLK7            ;
; scan_clk            ; PIN_29        ; 15      ; Clock ; yes    ; Global clock         ; GCLK3            ;
+---------------------+---------------+---------+-------+--------+----------------------+------------------+


+-----------------------------------------------------------------------------------------+
; Global & Other Fast Signals                                                             ;
+---------------------+---------------+---------+----------------------+------------------+
; Name                ; Location      ; Fan-Out ; Global Resource Used ; Global Line Name ;
+---------------------+---------------+---------+----------------------+------------------+
; clk                 ; PIN_28        ; 7       ; Global clock         ; GCLK2            ;
; clock:inst1|clk_jin ; LC_X24_Y15_N2 ; 6       ; Global clock         ; GCLK6            ;
; clock:inst|clk_jin  ; LC_X20_Y13_N2 ; 7       ; Global clock         ; GCLK7            ;
; scan_clk            ; PIN_29        ; 15      ; Global clock         ; GCLK3            ;
+---------------------+---------------+---------+----------------------+------------------+


+------------------------------------+
; Non-Global High Fan-Out Signals    ;
+--------------------------+---------+
; Name                     ; Fan-Out ;
+--------------------------+---------+
; selector:inst4|n[0]      ; 22      ;
; selector:inst4|n[2]      ; 20      ;
; selector:inst4|n[1]      ; 20      ;
; clock:inst1|count[3]     ; 14      ;
; clock:inst|count[3]      ; 12      ;
; clock:inst|count[4]      ; 12      ;
; clock:inst|count[5]      ; 12      ;
; clock:inst1|count[2]     ; 12      ;
; clock:inst1|count[4]     ; 12      ;
; clock:inst1|count[5]     ; 12      ;
; clock:inst|count[2]      ; 11      ;
; clock:inst1|count[1]     ; 11      ;
; clock:inst|count[1]      ; 10      ;
; selector:inst4|num[3]    ; 8       ;
; selector:inst4|num[2]    ; 8       ;
; selector:inst4|num[1]    ; 8       ;
; selector:inst4|num[0]    ; 8       ;
; Hour:inst2|count[1]      ; 6       ;
; Hour:inst2|count[2]      ; 6       ;
; Hour:inst2|count[3]      ; 6       ;
; Hour:inst2|count[4]      ; 6       ;
; Hour:inst2|add~284       ; 6       ;
; Hour:inst2|add~279       ; 6       ;
; clock:inst|add~449       ; 5       ;
; clock:inst|add~444       ; 5       ;
; clock:inst|add~439       ; 5       ;
; clock:inst|add~434       ; 5       ;
; clock:inst1|add~444      ; 5       ;
; clock:inst1|add~439      ; 5       ;
; clock:inst1|add~434      ; 5       ;
; clock:inst1|add~429      ; 5       ;
; clock:inst|LessThan~553  ; 3       ;
; clock:inst1|LessThan~552 ; 3       ;
; selector:inst4|Mux~5148  ; 3       ;
; selector:inst4|Mux~5135  ; 3       ;
; clock:inst|add~441       ; 2       ;
; clock:inst1|add~441      ; 2       ;
; clock:inst|LessThan~552  ; 2       ;
; clock:inst1|LessThan~551 ; 2       ;
; selector:inst4|Mux~5153  ; 2       ;
; clock:inst|LessThan~551  ; 2       ;
; clock:inst|shi[2]~182    ; 2       ;
; selector:inst4|Mux~5146  ; 2       ;
; clock:inst|ge~2369       ; 2       ;
; clock:inst|LessThan~550  ; 2       ;
; clock:inst|LessThan~549  ; 2       ;
; selector:inst4|Mux~5143  ; 2       ;
; Hour:inst2|shi~56        ; 2       ;
; Hour:inst2|LessThan~435  ; 2       ;
; clock:inst1|count[0]     ; 2       ;
+--------------------------+---------+


+-----------------------------------------------------+
; Interconnect Usage Summary                          ;
+----------------------------+------------------------+
; Interconnect Resource Type ; Usage                  ;
+----------------------------+------------------------+
; C4s                        ; 60 / 16,320 ( < 1 % )  ;
; Direct links               ; 38 / 21,944 ( < 1 % )  ;
; Global clocks              ; 4 / 8 ( 50 % )         ;
; LAB clocks                 ; 6 / 240 ( 3 % )        ;
; LUT chains                 ; 7 / 5,382 ( < 1 % )    ;
; Local interconnects        ; 131 / 21,944 ( < 1 % ) ;
; M4K buffers                ; 0 / 720 ( 0 % )        ;
; R4s                        ; 85 / 14,640 ( < 1 % )  ;
+----------------------------+------------------------+


+---------------------------------------------------------------------------+
; LAB Logic Elements                                                        ;
+--------------------------------------------+------------------------------+
; Number of Logic Elements  (Average = 6.40) ; Number of LABs  (Total = 20) ;
+--------------------------------------------+------------------------------+
; 1                                          ; 6                            ;
; 2                                          ; 1                            ;
; 3                                          ; 0                            ;
; 4                                          ; 1                            ;
; 5                                          ; 0                            ;
; 6                                          ; 0                            ;
; 7                                          ; 0                            ;
; 8                                          ; 2                            ;
; 9                                          ; 0                            ;
; 10                                         ; 10                           ;
+--------------------------------------------+------------------------------+


+-------------------------------------------------------------------+
; LAB-wide Signals                                                  ;
+------------------------------------+------------------------------+
; LAB-wide Signals  (Average = 0.80) ; Number of LABs  (Total = 20) ;
+------------------------------------+------------------------------+
; 1 Clock                            ; 16                           ;
+------------------------------------+------------------------------+


+----------------------------------------------------------------------------+
; LAB Signals Sourced                                                        ;
+---------------------------------------------+------------------------------+
; Number of Signals Sourced  (Average = 6.40) ; Number of LABs  (Total = 20) ;
+---------------------------------------------+------------------------------+
; 0                                           ; 0                            ;
; 1                                           ; 6                            ;
; 2                                           ; 1                            ;
; 3                                           ; 0                            ;
; 4                                           ; 1                            ;
; 5                                           ; 0                            ;
; 6                                           ; 0                            ;
; 7                                           ; 0                            ;
; 8                                           ; 2                            ;
; 9                                           ; 0                            ;
; 10                                          ; 10                           ;
+---------------------------------------------+------------------------------+


+--------------------------------------------------------------------------------+
; LAB Signals Sourced Out                                                        ;
+-------------------------------------------------+------------------------------+
; Number of Signals Sourced Out  (Average = 4.70) ; Number of LABs  (Total = 20) ;
+-------------------------------------------------+------------------------------+
; 0                                               ; 0                            ;
; 1                                               ; 6                            ;
; 2                                               ; 1                            ;
; 3                                               ; 0                            ;
; 4                                               ; 2                            ;
; 5                                               ; 2                            ;
; 6                                               ; 1                            ;
; 7                                               ; 3                            ;
; 8                                               ; 4                            ;
; 9                                               ; 1                            ;
+-------------------------------------------------+------------------------------+


+----------------------------------------------------------------------------+
; LAB Distinct Inputs                                                        ;
+---------------------------------------------+------------------------------+
; Number of Distinct Inputs  (Average = 6.25) ; Number of LABs  (Total = 20) ;
+---------------------------------------------+------------------------------+
; 0                                           ; 0                            ;
; 1                                           ; 1                            ;
; 2                                           ; 5                            ;
; 3                                           ; 1                            ;
; 4                                           ; 3                            ;
; 5                                           ; 2                            ;
; 6                                           ; 0                            ;
; 7                                           ; 1                            ;
; 8                                           ; 1                            ;
; 9                                           ; 2                            ;
; 10                                          ; 1                            ;
; 11                                          ; 0                            ;
; 12                                          ; 0                            ;
; 13                                          ; 0                            ;
; 14                                          ; 0                            ;
; 15                                          ; 2                            ;
; 16                                          ; 1                            ;
+---------------------------------------------+------------------------------+


+-----------------+
; Fitter Messages ;
+-----------------+
Info: *******************************************************************
Info: Running Quartus II Fitter
    Info: Version 5.1 Build 176 10/26/2005 SJ Full Version
    Info: Processing started: Fri Apr 19 08:41:01 2013
Info: Command: quartus_fit --read_settings_files=off --write_settings_files=off MyClock -c MyClock
Info: Selected device EP1C6Q240C8 for design "MyClock"
Info: Fitter is performing an Auto Fit compilation, which may decrease Fitter effort to reduce compilation time
Info: Device migration not selected. If you intend to use device migration later, you may need to change the pin assignments as they may be incompatible with other devices
    Info: Device EP1C12Q240C8 is compatible
Info: No exact pin location assignment(s) for 19 pins of 19 total pins
    Info: Pin finalout not assigned to an exact location on the device
    Info: Pin led[7] not assigned to an exact location on the device
    Info: Pin led[6] not assigned to an exact location on the device
    Info: Pin led[5] not assigned to an exact location on the device
    Info: Pin led[4] not assigned to an exact location on the device
    Info: Pin led[3] not assigned to an exact location on the device
    Info: Pin led[2] not assigned to an exact location on the device
    Info: Pin led[1] not assigned to an exact location on the device
    Info: Pin led[0] not assigned to an exact location on the device
    Info: Pin sel[7] not assigned to an exact location on the device
    Info: Pin sel[6] not assigned to an exact location on the device
    Info: Pin sel[5] not assigned to an exact location on the device
    Info: Pin sel[4] not assigned to an exact location on the device
    Info: Pin sel[3] not assigned to an exact location on the device
    Info: Pin sel[2] not assigned to an exact location on the device
    Info: Pin sel[1] not assigned to an exact location on the device
    Info: Pin sel[0] not assigned to an exact location on the device
    Info: Pin scan_clk not assigned to an exact location on the device
    Info: Pin clk not assigned to an exact location on the device
Info: Timing requirements not specified -- optimizing circuit to achieve the following default global requirements
    Info: Assuming a global fmax requirement of 1 MHz
    Info: Not setting a global tsu requirement
    Info: Not setting a global tco requirement
    Info: Not setting a global tpd requirement
Info: Performing register packing on registers with non-logic cell location assignments
Info: Completed register packing on registers with non-logic cell location assignments
Info: Completed User Assigned Global Signals Promotion Operation
Info: DQS I/O pins require 0 global routing resources
Info: Automatically promoted signal "scan_clk" to use Global clock in PIN 29
Info: Automatically promoted signal "clk" to use Global clock in PIN 28
Info: Automatically promoted signal "clock:inst|clk_jin" to use Global clock
Info: Automatically promoted signal "clock:inst1|clk_jin" to use Global clock
Info: Completed Auto Global Promotion Operation
Info: Starting register packing
Info: Started Fast Input/Output/OE register processing
Info: Finished Fast Input/Output/OE register processing
Info: Fitter is using Normal packing mode for logic elements with Auto setting for Auto Packed Registers logic option
Info: Moving registers into I/O cells, LUTs, and RAM blocks to improve timing and density
Info: Finished moving registers into I/O cells, LUTs, and RAM blocks
Info: Finished register packing
Info: Statistics of I/O pins that need to be placed that use the same VCCIO and VREF, before I/O pin placement
    Info: Number of I/O pins in group: 17 (unused VREF, 3.30 VCCIO, 0 input, 17 output, 0 bidirectional)
        Info: I/O standards used: LVTTL.
Info: I/O bank details before I/O pin placement
    Info: Statistics of I/O banks
        Info: I/O bank number 1 does not use VREF pins and has unused VCCIO pins. 4 total pin(s) used --  40 pins available
        Info: I/O bank number 2 does not use VREF pins and has unused VCCIO pins. 0 total pin(s) used --  48 pins available
        Info: I/O bank number 3 does not use VREF pins and has unused VCCIO pins. 0 total pin(s) used --  45 pins available
        Info: I/O bank number 4 does not use VREF pins and has unused VCCIO pins. 0 total pin(s) used --  48 pins available
Info: Fitter placement preparation operations beginning
Info: Fitter placement preparation operations ending: elapsed time is 00:00:00
Info: Fitter placement operations beginning
Info: Fitter placement was successful
Info: Fitter placement operations ending: elapsed time is 00:00:00
Info: Estimated most critical path is register to register delay of 4.661 ns
    Info: 1: + IC(0.000 ns) + CELL(0.000 ns) = 0.000 ns; Loc. = LAB_X29_Y13; Fanout = 13; REG Node = 'clock:inst|count[2]'
    Info: 2: + IC(0.696 ns) + CELL(0.564 ns) = 1.260 ns; Loc. = LAB_X28_Y13; Fanout = 2; COMB Node = 'clock:inst|add~446'
    Info: 3: + IC(0.000 ns) + CELL(0.271 ns) = 1.531 ns; Loc. = LAB_X28_Y13; Fanout = 2; COMB Node = 'clock:inst|add~441'
    Info: 4: + IC(0.000 ns) + CELL(0.679 ns) = 2.210 ns; Loc. = LAB_X28_Y13; Fanout = 5; COMB Node = 'clock:inst|add~434'
    Info: 5: + IC(0.074 ns) + CELL(0.590 ns) = 2.874 ns; Loc. = LAB_X28_Y13; Fanout = 3; COMB Node = 'clock:inst|LessThan~553'
    Info: 6: + IC(1.049 ns) + CELL(0.738 ns) = 4.661 ns; Loc. = LAB_X20_Y13; Fanout = 7; REG Node = 'clock:inst|clk_jin'
    Info: Total cell delay = 2.842 ns ( 60.97 % )
    Info: Total interconnect delay = 1.819 ns ( 39.03 % )
Info: Fitter routing operations beginning
Info: Average interconnect usage is 0% of the available device resources. Peak interconnect usage is 1%
Info: Fitter routing operations ending: elapsed time is 00:00:00
Info: The Fitter performed an Auto Fit compilation.  Optimizations were skipped to reduce compilation time.
    Info: Optimizations that may affect the design's routability were skipped
    Info: Optimizations that may affect the design's timing were skipped
Info: Completed Fixed Delay Chain Operation
Info: Started post-fitting delay annotation
Info: Delay annotation completed successfully
Info: Completed Auto Delay Chain Operation
Info: Quartus II Fitter was successful. 0 errors, 0 warnings
    Info: Processing ended: Fri Apr 19 08:41:06 2013
    Info: Elapsed time: 00:00:05


