Flow report for MyClock
Thu Apr 18 22:27:52 2013
Version 5.1 Build 176 10/26/2005 SJ Full Version


---------------------
; Table of Contents ;
---------------------
  1. Legal Notice
  2. Flow Summary
  3. Flow Settings
  4. Flow Elapsed Time
  5. Flow Log



----------------
; Legal Notice ;
----------------
Copyright (C) 1991-2005 Altera Corporation
Your use of Altera Corporation's design tools, logic functions 
and other software and tools, and its AMPP partner logic 
functions, and any output files any of the foregoing 
(including device programming or simulation files), and any 
associated documentation or information are expressly subject 
to the terms and conditions of the Altera Program License 
Subscription Agreement, Altera MegaCore Function License 
Agreement, or other applicable license agreement, including, 
without limitation, that your use is for the sole purpose of 
programming logic devices manufactured by Altera and sold by 
Altera or its authorized distributors.  Please refer to the 
applicable agreement for further details.



+--------------------------------------------------------------------+
; Flow Summary                                                       ;
+-------------------------+------------------------------------------+
; Flow Status             ; Successful - Thu Apr 18 22:27:52 2013    ;
; Quartus II Version      ; 5.1 Build 176 10/26/2005 SJ Full Version ;
; Revision Name           ; MyClock                                  ;
; Top-level Entity Name   ; MyClock                                  ;
; Family                  ; Cyclone                                  ;
; Device                  ; EP1C6Q240C8                              ;
; Timing Models           ; Final                                    ;
; Met timing requirements ; Yes                                      ;
; Total logic elements    ; 105 / 5,980 ( 2 % )                      ;
; Total pins              ; 17 / 185 ( 9 % )                         ;
; Total virtual pins      ; 0                                        ;
; Total memory bits       ; 0 / 92,160 ( 0 % )                       ;
; Total PLLs              ; 0 / 2 ( 0 % )                            ;
+-------------------------+------------------------------------------+


+-----------------------------------------+
; Flow Settings                           ;
+-------------------+---------------------+
; Option            ; Setting             ;
+-------------------+---------------------+
; Start date & time ; 04/18/2013 22:27:38 ;
; Main task         ; Compilation         ;
; Revision Name     ; MyClock             ;
+-------------------+---------------------+


+-------------------------------------+
; Flow Elapsed Time                   ;
+----------------------+--------------+
; Module Name          ; Elapsed Time ;
+----------------------+--------------+
; Analysis & Synthesis ; 00:00:06     ;
; Fitter               ; 00:00:04     ;
; Assembler            ; 00:00:00     ;
; Timing Analyzer      ; 00:00:01     ;
; Total                ; 00:00:11     ;
+----------------------+--------------+


------------
; Flow Log ;
------------
quartus_map --read_settings_files=on --write_settings_files=off MyClock -c MyClock
quartus_fit --read_settings_files=off --write_settings_files=off MyClock -c MyClock
quartus_asm --read_settings_files=off --write_settings_files=off MyClock -c MyClock
quartus_tan --read_settings_files=off --write_settings_files=off MyClock -c MyClock --timing_analysis_only



