Analysis & Synthesis report for counter_jin
Thu Apr 11 11:13:57 2013
Version 5.1 Build 176 10/26/2005 SJ Full Version


---------------------
; Table of Contents ;
---------------------
  1. Legal Notice
  2. Analysis & Synthesis Summary
  3. Analysis & Synthesis Settings
  4. Analysis & Synthesis Source Files Read
  5. Analysis & Synthesis Resource Usage Summary
  6. Analysis & Synthesis Resource Utilization by Entity
  7. General Register Statistics
  8. Multiplexer Restructuring Statistics (Restructuring Performed)
  9. Analysis & Synthesis Equations
 10. Analysis & Synthesis Messages



----------------
; Legal Notice ;
----------------
Copyright (C) 1991-2005 Altera Corporation
Your use of Altera Corporation's design tools, logic functions 
and other software and tools, and its AMPP partner logic 
functions, and any output files any of the foregoing 
(including device programming or simulation files), and any 
associated documentation or information are expressly subject 
to the terms and conditions of the Altera Program License 
Subscription Agreement, Altera MegaCore Function License 
Agreement, or other applicable license agreement, including, 
without limitation, that your use is for the sole purpose of 
programming logic devices manufactured by Altera and sold by 
Altera or its authorized distributors.  Please refer to the 
applicable agreement for further details.



+------------------------------------------------------------------------+
; Analysis & Synthesis Summary                                           ;
+-----------------------------+------------------------------------------+
; Analysis & Synthesis Status ; Successful - Thu Apr 11 11:13:57 2013    ;
; Quartus II Version          ; 5.1 Build 176 10/26/2005 SJ Full Version ;
; Revision Name               ; counter_jin                              ;
; Top-level Entity Name       ; counter_jin                              ;
; Family                      ; Cyclone                                  ;
; Total logic elements        ; 269                                      ;
; Total pins                  ; 14                                       ;
; Total virtual pins          ; 0                                        ;
; Total memory bits           ; 0                                        ;
; Total PLLs                  ; 0                                        ;
+-----------------------------+------------------------------------------+


+--------------------------------------------------------------------------------------------------------------+
; Analysis & Synthesis Settings                                                                                ;
+--------------------------------------------------------------------+--------------------+--------------------+
; Option                                                             ; Setting            ; Default Value      ;
+--------------------------------------------------------------------+--------------------+--------------------+
; Device                                                             ; EP1C6Q240C8        ;                    ;
; Top-level entity name                                              ; counter_jin        ; counter_jin        ;
; Family name                                                        ; Cyclone            ; Stratix            ;
; Use smart compilation                                              ; Off                ; Off                ;
; Restructure Multiplexers                                           ; Auto               ; Auto               ;
; Create Debugging Nodes for IP Cores                                ; Off                ; Off                ;
; Preserve fewer node names                                          ; On                 ; On                 ;
; Disable OpenCore Plus hardware evaluation                          ; Off                ; Off                ;
; Verilog Version                                                    ; Verilog_2001       ; Verilog_2001       ;
; VHDL Version                                                       ; VHDL93             ; VHDL93             ;
; State Machine Processing                                           ; Auto               ; Auto               ;
; Extract Verilog State Machines                                     ; On                 ; On                 ;
; Extract VHDL State Machines                                        ; On                 ; On                 ;
; Add Pass-Through Logic to Inferred RAMs                            ; On                 ; On                 ;
; NOT Gate Push-Back                                                 ; On                 ; On                 ;
; Power-Up Don't Care                                                ; On                 ; On                 ;
; Remove Redundant Logic Cells                                       ; Off                ; Off                ;
; Remove Duplicate Registers                                         ; On                 ; On                 ;
; Ignore CARRY Buffers                                               ; Off                ; Off                ;
; Ignore CASCADE Buffers                                             ; Off                ; Off                ;
; Ignore GLOBAL Buffers                                              ; Off                ; Off                ;
; Ignore ROW GLOBAL Buffers                                          ; Off                ; Off                ;
; Ignore LCELL Buffers                                               ; Off                ; Off                ;
; Ignore SOFT Buffers                                                ; On                 ; On                 ;
; Limit AHDL Integers to 32 Bits                                     ; Off                ; Off                ;
; Optimization Technique -- Cyclone                                  ; Balanced           ; Balanced           ;
; Carry Chain Length -- Stratix/Stratix GX/Cyclone/MAX II/Cyclone II ; 70                 ; 70                 ;
; Auto Carry Chains                                                  ; On                 ; On                 ;
; Auto Open-Drain Pins                                               ; On                 ; On                 ;
; Remove Duplicate Logic                                             ; On                 ; On                 ;
; Perform WYSIWYG Primitive Resynthesis                              ; Off                ; Off                ;
; Perform gate-level register retiming                               ; Off                ; Off                ;
; Allow register retiming to trade off Tsu/Tco with Fmax             ; On                 ; On                 ;
; Auto ROM Replacement                                               ; On                 ; On                 ;
; Auto RAM Replacement                                               ; On                 ; On                 ;
; Auto Shift Register Replacement                                    ; On                 ; On                 ;
; Auto Clock Enable Replacement                                      ; On                 ; On                 ;
; Allow Synchronous Control Signals                                  ; On                 ; On                 ;
; Force Use of Synchronous Clear Signals                             ; Off                ; Off                ;
; Auto RAM Block Balancing                                           ; On                 ; On                 ;
; Auto Resource Sharing                                              ; Off                ; Off                ;
; Allow Any RAM Size For Recognition                                 ; Off                ; Off                ;
; Allow Any ROM Size For Recognition                                 ; Off                ; Off                ;
; Allow Any Shift Register Size For Recognition                      ; Off                ; Off                ;
; Maximum Number of M512 Memory Blocks                               ; -1                 ; -1                 ;
; Maximum Number of M4K Memory Blocks                                ; -1                 ; -1                 ;
; Maximum Number of M-RAM Memory Blocks                              ; -1                 ; -1                 ;
; Ignore translate_off and translate_on Synthesis Directives         ; Off                ; Off                ;
; Show Parameter Settings Tables in Synthesis Report                 ; On                 ; On                 ;
; Ignore Maximum Fan-Out Assignments                                 ; Off                ; Off                ;
; Retiming Meta-Stability Register Sequence Length                   ; 2                  ; 2                  ;
; PowerPlay Power Optimization                                       ; Normal compilation ; Normal compilation ;
; HDL message level                                                  ; Level2             ; Level2             ;
+--------------------------------------------------------------------+--------------------+--------------------+


+-------------------------------------------------------------------------------------------------------------------------------------------+
; Analysis & Synthesis Source Files Read                                                                                                    ;
+----------------------------------+-----------------+------------------------------------+-------------------------------------------------+
; File Name with User-Entered Path ; Used in Netlist ; File Type                          ; File Name with Absolute Path                    ;
+----------------------------------+-----------------+------------------------------------+-------------------------------------------------+
; ../counter/counter.vhd           ; yes             ; User VHDL File                     ; C:/altera/quartus51/counter/counter.vhd         ;
; sel.vhd                          ; yes             ; User VHDL File                     ; C:/altera/quartus51/counter_jin/sel.vhd         ;
; counter_jin.bdf                  ; yes             ; User Block Diagram/Schematic File  ; C:/altera/quartus51/counter_jin/counter_jin.bdf ;
+----------------------------------+-----------------+------------------------------------+-------------------------------------------------+


+------------------------------------------------------------------------+
; Analysis & Synthesis Resource Usage Summary                            ;
+---------------------------------------------+--------------------------+
; Resource                                    ; Usage                    ;
+---------------------------------------------+--------------------------+
; Total logic elements                        ; 269                      ;
;     -- Combinational with no register       ; 159                      ;
;     -- Register only                        ; 95                       ;
;     -- Combinational with a register        ; 15                       ;
;                                             ;                          ;
; Logic element usage by number of LUT inputs ;                          ;
;     -- 4 input functions                    ; 60                       ;
;     -- 3 input functions                    ; 8                        ;
;     -- 2 input functions                    ; 103                      ;
;     -- 1 input functions                    ; 3                        ;
;     -- 0 input functions                    ; 0                        ;
;         -- Combinational cells for routing  ; 0                        ;
;                                             ;                          ;
; Logic elements by mode                      ;                          ;
;     -- normal mode                          ; 176                      ;
;     -- arithmetic mode                      ; 93                       ;
;     -- qfbk mode                            ; 0                        ;
;     -- register cascade mode                ; 0                        ;
;     -- synchronous clear/load mode          ; 1                        ;
;     -- asynchronous clear/load mode         ; 0                        ;
;                                             ;                          ;
; Total registers                             ; 110                      ;
; Total logic cells in carry chains           ; 96                       ;
; I/O pins                                    ; 14                       ;
; Maximum fan-out node                        ; counter:inst1|clk_jinwei ;
; Maximum fan-out                             ; 33                       ;
; Total fan-out                               ; 692                      ;
; Average fan-out                             ; 2.45                     ;
+---------------------------------------------+--------------------------+


+---------------------------------------------------------------------------------------------------------------------------------------------------------------------------------------------------------------+
; Analysis & Synthesis Resource Utilization by Entity                                                                                                                                                           ;
+----------------------------+-------------+--------------+-------------+------+--------------+--------------+-------------------+------------------+-----------------+------------+----------------------------+
; Compilation Hierarchy Node ; Logic Cells ; LC Registers ; Memory Bits ; Pins ; Virtual Pins ; LUT-Only LCs ; Register-Only LCs ; LUT/Register LCs ; Carry Chain LCs ; Packed LCs ; Full Hierarchy Name        ;
+----------------------------+-------------+--------------+-------------+------+--------------+--------------+-------------------+------------------+-----------------+------------+----------------------------+
; |counter_jin               ; 269 (33)    ; 110          ; 0           ; 14   ; 0            ; 159 (33)     ; 95 (0)            ; 15 (0)           ; 96 (0)          ; 0 (0)      ; |counter_jin               ;
;    |counter:inst1|         ; 72 (72)     ; 33           ; 0           ; 0    ; 0            ; 39 (39)      ; 31 (31)           ; 2 (2)            ; 32 (32)         ; 0 (0)      ; |counter_jin|counter:inst1 ;
;    |counter:inst2|         ; 72 (72)     ; 33           ; 0           ; 0    ; 0            ; 39 (39)      ; 31 (31)           ; 2 (2)            ; 32 (32)         ; 0 (0)      ; |counter_jin|counter:inst2 ;
;    |counter:inst|          ; 72 (72)     ; 33           ; 0           ; 0    ; 0            ; 39 (39)      ; 31 (31)           ; 2 (2)            ; 32 (32)         ; 0 (0)      ; |counter_jin|counter:inst  ;
;    |sel:inst3|             ; 20 (20)     ; 11           ; 0           ; 0    ; 0            ; 9 (9)        ; 2 (2)             ; 9 (9)            ; 0 (0)           ; 0 (0)      ; |counter_jin|sel:inst3     ;
+----------------------------+-------------+--------------+-------------+------+--------------+--------------+-------------------+------------------+-----------------+------------+----------------------------+
Note: For table entries with two numbers listed, the numbers in parentheses indicate the number of resources of the given type used by the specific entity alone. The numbers listed outside of parentheses indicate the total resources of the given type used by the specific entity and all of its sub-entities in the hierarchy.


+------------------------------------------------------+
; General Register Statistics                          ;
+----------------------------------------------+-------+
; Statistic                                    ; Value ;
+----------------------------------------------+-------+
; Total registers                              ; 110   ;
; Number of registers using Synchronous Clear  ; 0     ;
; Number of registers using Synchronous Load   ; 1     ;
; Number of registers using Asynchronous Clear ; 0     ;
; Number of registers using Asynchronous Load  ; 0     ;
; Number of registers using Clock Enable       ; 0     ;
; Number of registers using Preset             ; 0     ;
+----------------------------------------------+-------+


+---------------------------------------------------------------------------------------------------------------------------------------------+
; Multiplexer Restructuring Statistics (Restructuring Performed)                                                                              ;
+--------------------+-----------+---------------+----------------------+------------------------+------------+-------------------------------+
; Multiplexer Inputs ; Bus Width ; Baseline Area ; Area if Restructured ; Saving if Restructured ; Registered ; Example Multiplexer Output    ;
+--------------------+-----------+---------------+----------------------+------------------------+------------+-------------------------------+
; 3:1                ; 7 bits    ; 14 LEs        ; 14 LEs               ; 0 LEs                  ; Yes        ; |counter_jin|sel:inst3|LED[0] ;
+--------------------+-----------+---------------+----------------------+------------------------+------------+-------------------------------+


+--------------------------------+
; Analysis & Synthesis Equations ;
+--------------------------------+
The equations can be found in C:/altera/quartus51/counter_jin/counter_jin.map.eqn.


+-------------------------------+
; Analysis & Synthesis Messages ;
+-------------------------------+
Info: *******************************************************************
Info: Running Quartus II Analysis & Synthesis
    Info: Version 5.1 Build 176 10/26/2005 SJ Full Version
    Info: Processing started: Thu Apr 11 11:13:56 2013
Info: Command: quartus_map --read_settings_files=on --write_settings_files=off counter_jin -c counter_jin
Info: Found 2 design units, including 1 entities, in source file ../counter/counter.vhd
    Info: Found design unit 1: counter-a
    Info: Found entity 1: counter
Info: Found 2 design units, including 1 entities, in source file sel.vhd
    Info: Found design unit 1: sel-a
    Info: Found entity 1: sel
Info: Found 1 design units, including 1 entities, in source file counter_jin.bdf
    Info: Found entity 1: counter_jin
Info: Elaborating entity "counter_jin" for the top level hierarchy
Info: Elaborating entity "counter" for hierarchy "counter:inst2"
Info (10425): VHDL Case Statement information at counter.vhd(42): OTHERS choice is never selected
Info: Elaborating entity "sel" for hierarchy "sel:inst3"
Info: Duplicate registers merged to single register
    Info: Duplicate register "counter:inst|num[3]" merged to single register "counter:inst|n[3]"
    Info: Duplicate register "counter:inst|num[2]" merged to single register "counter:inst|n[2]"
    Info: Duplicate register "counter:inst|num[1]" merged to single register "counter:inst|n[1]"
    Info: Duplicate register "counter:inst|num[0]" merged to single register "counter:inst|n[0]"
    Info: Duplicate register "counter:inst1|num[3]" merged to single register "counter:inst1|n[3]"
    Info: Duplicate register "counter:inst1|num[2]" merged to single register "counter:inst1|n[2]"
    Info: Duplicate register "counter:inst1|num[1]" merged to single register "counter:inst1|n[1]"
    Info: Duplicate register "counter:inst1|num[0]" merged to single register "counter:inst1|n[0]"
    Info: Duplicate register "counter:inst2|num[3]" merged to single register "counter:inst2|n[3]"
    Info: Duplicate register "counter:inst2|num[2]" merged to single register "counter:inst2|n[2]"
    Info: Duplicate register "counter:inst2|num[1]" merged to single register "counter:inst2|n[1]"
    Info: Duplicate register "counter:inst2|num[0]" merged to single register "counter:inst2|n[0]"
Info: Duplicate registers merged to single register
    Info: Duplicate register "sel:inst3|n[0]" merged to single register "sel:inst3|s[2]", power-up level changed
    Info: Duplicate register "sel:inst3|n[1]" merged to single register "sel:inst3|s[1]", power-up level changed
Info: Implemented 283 device resources after synthesis - the final resource count might be different
    Info: Implemented 2 input pins
    Info: Implemented 12 output pins
    Info: Implemented 269 logic cells
Info: Quartus II Analysis & Synthesis was successful. 0 errors, 0 warnings
    Info: Processing ended: Thu Apr 11 11:13:57 2013
    Info: Elapsed time: 00:00:03


